2026-01-26 12:29:21,263 [INFO] Activator:176 - 


2026-01-26 12:29:21,270 [INFO] Activator:177 - !SESSION log4j initialized
2026-01-26 12:29:25,636 [INFO] LogOutputStream:77 - [STDOUT_REDIRECT] 
2026-01-26 12:29:28,356 [INFO] ApplicationProperties:184 - Using Application install path: C:\ST\STM32CubeIDE_1.13.2\STM32CubeIDE\plugins\com.st.stm32cube.common.mx_6.9.2.202309101412
2026-01-26 12:29:28,379 [INFO] DbMcusXml:78 - Set database path to: C:\ST\STM32CubeIDE_1.13.2\STM32CubeIDE\plugins\com.st.stm32cube.common.mx_6.9.2.202309101412\\db\/mcu/
2026-01-26 12:29:28,379 [INFO] ApiDb:274 - Set plugin database path to: C:\ST\STM32CubeIDE_1.13.2\STM32CubeIDE\plugins\com.st.stm32cube.common.mx_6.9.2.202309101412\\db\/plugins/boardmanager/
2026-01-26 12:29:28,380 [WARN] ApiDb:259 - Overriding images path with different value:  => C:\ST\STM32CubeIDE_1.13.2\STM32CubeIDE\plugins\com.st.stm32cube.common.mx_6.9.2.202309101412\\db\/plugins/mcufinder/images/
2026-01-26 12:29:28,411 [INFO] ApiDb:250 - Set database path to: C:\Users\hamid\.stmcufinder\plugins\mcufinder//mcu/
2026-01-26 12:29:28,412 [INFO] DbMcusAds:125 - Set database path to: C:\Users\hamid\.stmcufinder\plugins\mcufinder//mcu/
2026-01-26 12:29:28,415 [INFO] CrossReferenceDbSqlite:203 - Set database path to: C:\Users\hamid\.stmcufinder\plugins\mcufinder//mcu/cs/
2026-01-26 12:29:28,590 [INFO] RulesReader:64 - Compatibility file has been processed (293 Rules)
2026-01-26 12:29:28,731 [INFO] DbMcusXml:78 - Set database path to: C:\ST\STM32CubeIDE_1.13.2\STM32CubeIDE\plugins\com.st.stm32cube.common.mx_6.9.2.202309101412\\db\/mcu/
2026-01-26 12:29:28,731 [INFO] ApiDb:274 - Set plugin database path to: C:\ST\STM32CubeIDE_1.13.2\STM32CubeIDE\plugins\com.st.stm32cube.common.mx_6.9.2.202309101412\\db\/plugins/boardmanager/
2026-01-26 12:29:28,731 [INFO] ApiDb:261 - Set plugin images path to: C:\ST\STM32CubeIDE_1.13.2\STM32CubeIDE\plugins\com.st.stm32cube.common.mx_6.9.2.202309101412\\db\/plugins/mcufinder/images/
2026-01-26 12:29:28,732 [WARN] DbFile:41 - Overriding database path with different value: C:\Users\hamid\.stmcufinder\plugins\mcufinder/ => C:\Users\hamid\.stmcufinder\plugins\mcufinder
2026-01-26 12:29:28,732 [INFO] ApiDb:250 - Set database path to: C:\Users\hamid\.stmcufinder\plugins\mcufinder//mcu/
2026-01-26 12:29:28,732 [WARN] DbFile:41 - Overriding database path with different value: C:\Users\hamid\.stmcufinder\plugins\mcufinder/ => C:\Users\hamid\.stmcufinder\plugins\mcufinder
2026-01-26 12:29:28,732 [INFO] DbMcusAds:125 - Set database path to: C:\Users\hamid\.stmcufinder\plugins\mcufinder//mcu/
2026-01-26 12:29:28,732 [WARN] DbFile:41 - Overriding database path with different value: C:\Users\hamid\.stmcufinder\plugins\mcufinder/ => C:\Users\hamid\.stmcufinder\plugins\mcufinder
2026-01-26 12:29:28,733 [WARN] DbFile:41 - Overriding database path with different value: C:\Users\hamid\.stmcufinder\plugins\mcufinder/ => C:\Users\hamid\.stmcufinder\plugins\mcufinder
2026-01-26 12:29:28,733 [INFO] CrossReferenceDbSqlite:203 - Set database path to: C:\Users\hamid\.stmcufinder\plugins\mcufinder//mcu/cs/
2026-01-26 12:29:28,875 [INFO] MainPanel:262 - HeapMemory: 268435456
2026-01-26 12:29:28,985 [INFO] DbMcusXml:78 - Set database path to: C:\ST\STM32CubeIDE_1.13.2\STM32CubeIDE\plugins\com.st.stm32cube.common.mx_6.9.2.202309101412\\db\/mcu/
2026-01-26 12:29:28,985 [INFO] ApiDb:274 - Set plugin database path to: C:\ST\STM32CubeIDE_1.13.2\STM32CubeIDE\plugins\com.st.stm32cube.common.mx_6.9.2.202309101412\\db\/plugins/boardmanager/
2026-01-26 12:29:28,985 [INFO] ApiDb:261 - Set plugin images path to: C:\ST\STM32CubeIDE_1.13.2\STM32CubeIDE\plugins\com.st.stm32cube.common.mx_6.9.2.202309101412\\db\/plugins/mcufinder/images/
2026-01-26 12:29:28,986 [WARN] DbFile:41 - Overriding database path with different value: C:\Users\hamid\.stmcufinder\plugins\mcufinder/ => C:\Users\hamid\.stmcufinder\plugins\mcufinder
2026-01-26 12:29:28,986 [INFO] ApiDb:250 - Set database path to: C:\Users\hamid\.stmcufinder\plugins\mcufinder//mcu/
2026-01-26 12:29:28,986 [WARN] DbFile:41 - Overriding database path with different value: C:\Users\hamid\.stmcufinder\plugins\mcufinder/ => C:\Users\hamid\.stmcufinder\plugins\mcufinder
2026-01-26 12:29:28,986 [INFO] DbMcusAds:125 - Set database path to: C:\Users\hamid\.stmcufinder\plugins\mcufinder//mcu/
2026-01-26 12:29:28,987 [WARN] DbFile:41 - Overriding database path with different value: C:\Users\hamid\.stmcufinder\plugins\mcufinder/ => C:\Users\hamid\.stmcufinder\plugins\mcufinder
2026-01-26 12:29:28,987 [WARN] DbFile:41 - Overriding database path with different value: C:\Users\hamid\.stmcufinder\plugins\mcufinder/ => C:\Users\hamid\.stmcufinder\plugins\mcufinder
2026-01-26 12:29:28,987 [INFO] CrossReferenceDbSqlite:203 - Set database path to: C:\Users\hamid\.stmcufinder\plugins\mcufinder//mcu/cs/
2026-01-26 12:29:29,008 [INFO] ApplicationProperties:184 - Using Application install path: C:\ST\STM32CubeIDE_1.13.2\STM32CubeIDE\plugins\com.st.stm32cube.common.mx_6.9.2.202309101412
2026-01-26 12:29:29,010 [INFO] PluginManage:196 - Search for loadable plugins [exclusion list=, ]
2026-01-26 12:29:29,012 [INFO] PluginManage:310 - Check plugin analytics
2026-01-26 12:29:29,262 [INFO] AnalyticsPlugin:253 - Accepted Software Licenses: STM32CubeMX.6.10.0
2026-01-26 12:29:29,263 [INFO] AnalyticsPlugin:255 - Accepted CMSIS Pack Licenses: 
2026-01-26 12:29:29,264 [INFO] AnalyticsPlugin:257 - Accepted Firmware Licenses: 
2026-01-26 12:29:29,275 [INFO] PluginManage:359 - Loaded plugin analytics (category:tool,tabindex:-1)
2026-01-26 12:29:29,277 [INFO] PluginManage:310 - Check plugin cadmodel
2026-01-26 12:29:29,315 [INFO] CADModel:105 - Init CAD model plugin
2026-01-26 12:29:29,316 [INFO] PluginManage:359 - Loaded plugin cadmodel (category:power,tabindex:5)
2026-01-26 12:29:29,316 [INFO] PluginManage:310 - Check plugin clock
2026-01-26 12:29:29,344 [INFO] PluginManage:359 - Loaded plugin clock (category:base,tabindex:2)
2026-01-26 12:29:29,344 [INFO] PluginManage:310 - Check plugin ddr
2026-01-26 12:29:29,347 [INFO] PluginManage:359 - Loaded plugin ddr (category:tool,tabindex:6)
2026-01-26 12:29:29,347 [INFO] PluginManage:310 - Check plugin filemanager
2026-01-26 12:29:29,505 [INFO] PluginManage:359 - Loaded plugin filemanager (category:base,tabindex:10)
2026-01-26 12:29:29,505 [INFO] PluginManage:310 - Check plugin ipmanager
2026-01-26 12:29:29,515 [INFO] PluginManage:359 - Loaded plugin ipmanager (category:base,tabindex:5)
2026-01-26 12:29:29,516 [INFO] PluginManage:310 - Check plugin lpbam
2026-01-26 12:29:29,544 [INFO] PluginManage:359 - Loaded plugin lpbam (category:base,tabindex:0)
2026-01-26 12:29:29,545 [INFO] PluginManage:310 - Check plugin memorymap
2026-01-26 12:29:29,576 [INFO] PluginManage:359 - Loaded plugin memorymap (category:base,tabindex:4)
2026-01-26 12:29:29,576 [INFO] PluginManage:310 - Check plugin pinoutandconfiguration
2026-01-26 12:29:29,602 [INFO] PluginManage:359 - Loaded plugin pinoutandconfiguration (category:base,tabindex:1)
2026-01-26 12:29:29,603 [INFO] PluginManage:310 - Check plugin pinoutconfig
2026-01-26 12:29:29,789 [WARN] SupportedApi:132 - Cannot load RTOS API schema: s4s-elt-must-match.1: The content of 'definitions' must match (annotation?, (simpleType | complexType)?, (unique | key | keyref)*)). A problem was found starting at: attribute.
2026-01-26 12:29:29,948 [INFO] PluginManage:359 - Loaded plugin pinoutconfig (category:base,tabindex:0)
2026-01-26 12:29:29,948 [INFO] PluginManage:310 - Check plugin power
2026-01-26 12:29:29,982 [INFO] PluginManage:359 - Loaded plugin power (category:power,tabindex:4)
2026-01-26 12:29:29,983 [INFO] PluginManage:310 - Check plugin projectmanager
2026-01-26 12:29:30,001 [INFO] PluginManage:359 - Loaded plugin projectmanager (category:projectmanager,tabindex:3)
2026-01-26 12:29:30,002 [INFO] PluginManage:310 - Check plugin thirdparty
2026-01-26 12:29:30,419 [INFO] PluginManage:359 - Loaded plugin thirdparty (category:base,tabindex:-1)
2026-01-26 12:29:30,420 [INFO] PluginManage:310 - Check plugin tools
2026-01-26 12:29:30,419 [WARN] IntegrityCheckThread:84 - waiting for thirdparty lock release [integrity check]
2026-01-26 12:29:30,420 [INFO] IntegrityCheckThread:86 - entering critical section [integrity check]
2026-01-26 12:29:30,421 [INFO] ThirdPartyUpdaterWithRetryManager:70 - Updater plugin not ready yet. [1/15]
2026-01-26 12:29:30,477 [INFO] PluginManage:359 - Loaded plugin tools (category:base,tabindex:7)
2026-01-26 12:29:30,477 [INFO] PluginManage:310 - Check plugin tutovideos
2026-01-26 12:29:30,721 [INFO] PluginManage:359 - Loaded plugin tutovideos (category:base,tabindex:-1)
2026-01-26 12:29:30,722 [INFO] PluginManage:310 - Check plugin updater
2026-01-26 12:29:30,741 [INFO] PluginManage:359 - Loaded plugin updater (category:base,tabindex:12)
2026-01-26 12:29:30,741 [INFO] PluginManage:310 - Check plugin userauth
2026-01-26 12:29:30,748 [INFO] UserAuth:113 - Init User Auth plugin
2026-01-26 12:29:30,748 [INFO] PluginManage:359 - Loaded plugin userauth (category:base,tabindex:14)
2026-01-26 12:29:30,748 [INFO] PluginManage:283 - PluginManage : Loaded plugins [17]
2026-01-26 12:29:31,024 [INFO] PinOutPanel:1499 - setPackage(No Configuration,No Configuration)
2026-01-26 12:29:31,161 [INFO] CADModel:165 - CPN selected for project level
2026-01-26 12:29:31,161 [INFO] CADModel:114 - Register for checkConnection events
2026-01-26 12:29:31,199 [INFO] IPUIPlugin:80 - create IPUIPlugin
2026-01-26 12:29:31,199 [INFO] PluginManager:220 - loadIPPluginJar : add adc
2026-01-26 12:29:31,254 [INFO] IPUIPlugin:80 - create IPUIPlugin
2026-01-26 12:29:31,254 [INFO] PluginManager:220 - loadIPPluginJar : add aes
2026-01-26 12:29:31,320 [INFO] IPUIPlugin:80 - create IPUIPlugin
2026-01-26 12:29:31,320 [INFO] PluginManager:220 - loadIPPluginJar : add can
2026-01-26 12:29:31,359 [INFO] IPUIPlugin:80 - create IPUIPlugin
2026-01-26 12:29:31,359 [INFO] PluginManager:220 - loadIPPluginJar : add comp
2026-01-26 12:29:31,409 [INFO] IPUIPlugin:80 - create IPUIPlugin
2026-01-26 12:29:31,409 [INFO] PluginManager:220 - loadIPPluginJar : add cryp
2026-01-26 12:29:31,455 [INFO] IPUIPlugin:80 - create IPUIPlugin
2026-01-26 12:29:31,455 [INFO] PluginManager:220 - loadIPPluginJar : add dfsdm
2026-01-26 12:29:31,475 [INFO] IPUIPlugin:80 - create IPUIPlugin
2026-01-26 12:29:31,475 [INFO] PluginManager:220 - loadIPPluginJar : add dma
2026-01-26 12:29:31,540 [INFO] IPUIPlugin:80 - create IPUIPlugin
2026-01-26 12:29:31,540 [INFO] PluginManager:220 - loadIPPluginJar : add dma3
2026-01-26 12:29:31,577 [INFO] IPUIPlugin:80 - create IPUIPlugin
2026-01-26 12:29:31,578 [INFO] PluginManager:220 - loadIPPluginJar : add fatfs
2026-01-26 12:29:31,659 [INFO] IPUIPlugin:80 - create IPUIPlugin
2026-01-26 12:29:31,659 [INFO] PluginManager:220 - loadIPPluginJar : add fmc
2026-01-26 12:29:31,683 [INFO] IPUIPlugin:80 - create IPUIPlugin
2026-01-26 12:29:31,683 [INFO] PluginManager:220 - loadIPPluginJar : add freertos
2026-01-26 12:29:31,727 [INFO] IPUIPlugin:80 - create IPUIPlugin
2026-01-26 12:29:31,727 [INFO] PluginManager:220 - loadIPPluginJar : add genericplugin
2026-01-26 12:29:31,867 [INFO] IPUIPlugin:80 - create IPUIPlugin
2026-01-26 12:29:31,867 [INFO] PluginManager:220 - loadIPPluginJar : add gfxmmu
2026-01-26 12:29:32,062 [INFO] IPUIPlugin:80 - create IPUIPlugin
2026-01-26 12:29:32,062 [INFO] PluginManager:220 - loadIPPluginJar : add gic
2026-01-26 12:29:32,083 [INFO] IPUIPlugin:80 - create IPUIPlugin
2026-01-26 12:29:32,083 [INFO] PluginManager:220 - loadIPPluginJar : add gpio
2026-01-26 12:29:32,221 [INFO] IPUIPlugin:80 - create IPUIPlugin
2026-01-26 12:29:32,221 [INFO] PluginManager:220 - loadIPPluginJar : add gtzc
2026-01-26 12:29:32,273 [INFO] IPUIPlugin:80 - create IPUIPlugin
2026-01-26 12:29:32,273 [INFO] PluginManager:220 - loadIPPluginJar : add hash
2026-01-26 12:29:32,353 [INFO] IPUIPlugin:80 - create IPUIPlugin
2026-01-26 12:29:32,353 [INFO] PluginManager:220 - loadIPPluginJar : add i2c
2026-01-26 12:29:32,413 [INFO] IPUIPlugin:80 - create IPUIPlugin
2026-01-26 12:29:32,413 [INFO] PluginManager:220 - loadIPPluginJar : add i2s
2026-01-26 12:29:32,480 [INFO] IPUIPlugin:80 - create IPUIPlugin
2026-01-26 12:29:32,480 [INFO] PluginManager:220 - loadIPPluginJar : add i3c
2026-01-26 12:29:32,647 [INFO] IPUIPlugin:80 - create IPUIPlugin
2026-01-26 12:29:32,647 [INFO] PluginManager:220 - loadIPPluginJar : add ipddr
2026-01-26 12:29:32,812 [INFO] IPUIPlugin:80 - create IPUIPlugin
2026-01-26 12:29:32,812 [INFO] PluginManager:220 - loadIPPluginJar : add linkedlist
2026-01-26 12:29:32,877 [INFO] IPUIPlugin:80 - create IPUIPlugin
2026-01-26 12:29:32,877 [INFO] PluginManager:220 - loadIPPluginJar : add lorawan
2026-01-26 12:29:32,938 [INFO] IPUIPlugin:80 - create IPUIPlugin
2026-01-26 12:29:32,938 [INFO] PluginManager:220 - loadIPPluginJar : add ltdc
2026-01-26 12:29:32,960 [INFO] IPUIPlugin:80 - create IPUIPlugin
2026-01-26 12:29:32,961 [INFO] PluginManager:220 - loadIPPluginJar : add mdma
2026-01-26 12:29:32,981 [INFO] IPUIPlugin:80 - create IPUIPlugin
2026-01-26 12:29:32,981 [INFO] PluginManager:220 - loadIPPluginJar : add nvic
2026-01-26 12:29:33,044 [INFO] IPUIPlugin:80 - create IPUIPlugin
2026-01-26 12:29:33,044 [INFO] PluginManager:220 - loadIPPluginJar : add opamp
2026-01-26 12:29:33,139 [INFO] IPUIPlugin:80 - create IPUIPlugin
2026-01-26 12:29:33,139 [INFO] PluginManager:220 - loadIPPluginJar : add openamp
2026-01-26 12:29:33,202 [INFO] IPUIPlugin:80 - create IPUIPlugin
2026-01-26 12:29:33,202 [INFO] PluginManager:220 - loadIPPluginJar : add pdm2pcm
2026-01-26 12:29:33,227 [INFO] IPUIPlugin:80 - create IPUIPlugin
2026-01-26 12:29:33,232 [INFO] PluginManager:220 - loadIPPluginJar : add plateformsettings
2026-01-26 12:29:33,274 [INFO] IPUIPlugin:80 - create IPUIPlugin
2026-01-26 12:29:33,274 [INFO] PluginManager:220 - loadIPPluginJar : add quadspi
2026-01-26 12:29:33,298 [INFO] IPUIPlugin:80 - create IPUIPlugin
2026-01-26 12:29:33,299 [INFO] PluginManager:220 - loadIPPluginJar : add resmgrutility
2026-01-26 12:29:33,375 [INFO] IPUIPlugin:80 - create IPUIPlugin
2026-01-26 12:29:33,376 [INFO] PluginManager:220 - loadIPPluginJar : add sai
2026-01-26 12:29:33,422 [INFO] ThirdPartyUpdaterWithRetryManager:70 - Updater plugin not ready yet. [2/15]
2026-01-26 12:29:33,435 [INFO] IPUIPlugin:80 - create IPUIPlugin
2026-01-26 12:29:33,436 [INFO] PluginManager:220 - loadIPPluginJar : add spi
2026-01-26 12:29:33,521 [INFO] IPUIPlugin:80 - create IPUIPlugin
2026-01-26 12:29:33,521 [INFO] PluginManager:220 - loadIPPluginJar : add stm32_wpan
2026-01-26 12:29:33,563 [INFO] IPUIPlugin:80 - create IPUIPlugin
2026-01-26 12:29:33,564 [INFO] PluginManager:220 - loadIPPluginJar : add tim
2026-01-26 12:29:33,650 [INFO] IPUIPlugin:80 - create IPUIPlugin
2026-01-26 12:29:33,650 [INFO] PluginManager:220 - loadIPPluginJar : add touchsensing
2026-01-26 12:29:33,689 [INFO] IPUIPlugin:80 - create IPUIPlugin
2026-01-26 12:29:33,690 [INFO] PluginManager:220 - loadIPPluginJar : add tracer_emb
2026-01-26 12:29:33,733 [INFO] IPUIPlugin:80 - create IPUIPlugin
2026-01-26 12:29:33,733 [INFO] PluginManager:220 - loadIPPluginJar : add ts
2026-01-26 12:29:33,779 [INFO] IPUIPlugin:80 - create IPUIPlugin
2026-01-26 12:29:33,779 [INFO] PluginManager:220 - loadIPPluginJar : add tsc
2026-01-26 12:29:33,819 [INFO] IPUIPlugin:80 - create IPUIPlugin
2026-01-26 12:29:33,820 [INFO] PluginManager:220 - loadIPPluginJar : add ucpd
2026-01-26 12:29:33,898 [INFO] IPUIPlugin:80 - create IPUIPlugin
2026-01-26 12:29:33,898 [INFO] PluginManager:220 - loadIPPluginJar : add usart
2026-01-26 12:29:33,966 [INFO] IPUIPlugin:80 - create IPUIPlugin
2026-01-26 12:29:33,967 [INFO] PluginManager:220 - loadIPPluginJar : add usbx
2026-01-26 12:29:34,114 [INFO] CADModel:165 - CPN selected for project level
2026-01-26 12:29:34,115 [INFO] CADModel:114 - Register for checkConnection events
2026-01-26 12:29:34,115 [FATAL] Updater:308 - Updater called before beeing initialized
2026-01-26 12:29:34,115 [ERROR] CADModel:125 - Updater not yet initialized, retry later 
2026-01-26 12:29:34,351 [INFO] CADModel:165 - CPN selected for project level
2026-01-26 12:29:34,351 [INFO] CADModel:114 - Register for checkConnection events
2026-01-26 12:29:34,352 [FATAL] Updater:308 - Updater called before beeing initialized
2026-01-26 12:29:34,352 [ERROR] CADModel:125 - Updater not yet initialized, retry later 
2026-01-26 12:29:34,358 [FATAL] Updater:308 - Updater called before beeing initialized
2026-01-26 12:29:34,481 [FATAL] Updater:308 - Updater called before beeing initialized
2026-01-26 12:29:34,501 [INFO] DbMcusAds:53 - JSON generation date=Wed Nov 29 05:52:27 EST 2023 (1701255147200)
2026-01-26 12:29:34,502 [FATAL] Updater:308 - Updater called before beeing initialized
2026-01-26 12:29:34,619 [WARN] DetailPanel:346 - Failed to get advertising image, set to default
2026-01-26 12:29:34,729 [FATAL] Updater:308 - Updater called before beeing initialized
2026-01-26 12:29:34,731 [FATAL] Updater:308 - Updater called before beeing initialized
2026-01-26 12:29:34,731 [FATAL] Updater:308 - Updater called before beeing initialized
2026-01-26 12:29:34,731 [WARN] DetailPanel:346 - Failed to get advertising image, set to default
2026-01-26 12:29:34,732 [FATAL] Updater:308 - Updater called before beeing initialized
2026-01-26 12:29:34,858 [ERROR] Updater:1120 - MainUpdater not yet initialized. External WinMGr cannot be set.
2026-01-26 12:29:34,874 [INFO] Updater:1056 - Updater Version found : 6.9.2
2026-01-26 12:29:34,895 [INFO] ApplicationProperties:184 - Using Application install path: C:\ST\STM32CubeIDE_1.13.2\STM32CubeIDE\plugins\com.st.stm32cube.common.mx_6.9.2.202309101412
2026-01-26 12:29:34,944 [INFO] MainUpdater:521 - Copy updater definitions from MX database
2026-01-26 12:29:35,013 [INFO] MainUpdater:554 - Copy flag file definitions from MX database
2026-01-26 12:29:35,015 [INFO] MainUpdater:570 - Copy thirdparty index definitions from MX database
2026-01-26 12:29:35,019 [INFO] MainUpdater:589 - Copy default thirdparty db definitions from MX database
2026-01-26 12:29:35,332 [INFO] MainUpdater:2868 - connection check result : 10
2026-01-26 12:29:35,334 [INFO] MainUpdater:3562 - Updater definition file requires update
2026-01-26 12:29:35,337 [INFO] MainUpdater:285 - Updater Check For Update Now.
2026-01-26 12:29:35,337 [INFO] MicroXplorer:498 - Change Database Version : DB.6.0.92
2026-01-26 12:29:35,374 [INFO] McuFinderGlobals:63 - Set McuFinder mode to 2 (CubeIDE integrated)
2026-01-26 12:29:35,374 [INFO] UserAuth:179 - activating auth plugin
2026-01-26 12:29:35,377 [INFO] UserAuth:393 - Internet connection configuration mode: 1
2026-01-26 12:29:35,414 [INFO] ServerAccessManage:473 - Download File updaters.zip
2026-01-26 12:29:35,422 [INFO] JxBrowserEngine:151 - Initiate JxBrowser Engine with user profile folder
2026-01-26 12:29:35,569 [INFO] FileExtend:240 - Unzip File : updaters.zip
2026-01-26 12:29:35,569 [INFO] FileExtend:255 - Standard Zip Deflate
2026-01-26 12:29:36,422 [WARN] MainUpdater:1189 - Updater busy. Cannot search thirdparties
2026-01-26 12:29:36,423 [INFO] ThirdPartyUpdaterWithRetryManager:96 - Updater plugin is busy. [1/15]
2026-01-26 12:29:36,657 [INFO] ServerAccessManage:473 - Download File PacksControlFlags.xml
2026-01-26 12:29:36,811 [INFO] ServerAccessManage:473 - Download File cubemx.pidx
2026-01-26 12:29:37,449 [INFO] ServerAccessManage:473 - Download File STMicroelectronics.FP-ATR-ASTRA1.pdsc
2026-01-26 12:29:39,424 [WARN] MainUpdater:1189 - Updater busy. Cannot search thirdparties
2026-01-26 12:29:39,424 [INFO] ThirdPartyUpdaterWithRetryManager:96 - Updater plugin is busy. [2/15]
2026-01-26 12:29:39,466 [INFO] WebApp:157 - Instantiating new browser for Auth
2026-01-26 12:29:40,197 [INFO] WebApp:753 - Register for checkConnection events
2026-01-26 12:29:40,197 [INFO] WebApp:390 - Apply proxy settings
2026-01-26 12:29:40,197 [INFO] WebApp:475 - Chromium requires no authentication
2026-01-26 12:29:40,211 [INFO] WebApp:418 - Direct internet connection detected
2026-01-26 12:29:40,435 [INFO] WebApp:188 - Starting web application
2026-01-26 12:29:40,435 [INFO] WebApp:520 - Web application path used C:\ST\STM32CubeIDE_1.13.2\STM32CubeIDE\plugins\com.st.stm32cube.common.mx_6.9.2.202309101412\db\plugins\mcufinder\reactClient1\index.html
2026-01-26 12:29:41,202 [INFO] ServerAccessManage:473 - Download File STMicroelectronics.FP-ATR-SIGFOX1.pdsc
2026-01-26 12:29:42,425 [WARN] MainUpdater:1189 - Updater busy. Cannot search thirdparties
2026-01-26 12:29:42,425 [INFO] ThirdPartyUpdaterWithRetryManager:96 - Updater plugin is busy. [3/15]
2026-01-26 12:29:45,426 [WARN] MainUpdater:1189 - Updater busy. Cannot search thirdparties
2026-01-26 12:29:45,426 [INFO] ThirdPartyUpdaterWithRetryManager:96 - Updater plugin is busy. [4/15]
2026-01-26 12:29:46,370 [INFO] ServerAccessManage:473 - Download File STMicroelectronics.FP-SNS-STBOX1.pdsc
2026-01-26 12:29:47,582 [INFO] ServerAccessManage:473 - Download File STMicroelectronics.FP-SNS-FLIGHT1.pdsc
2026-01-26 12:29:48,427 [WARN] MainUpdater:1189 - Updater busy. Cannot search thirdparties
2026-01-26 12:29:48,427 [INFO] ThirdPartyUpdaterWithRetryManager:96 - Updater plugin is busy. [5/15]
2026-01-26 12:29:50,249 [INFO] ServerAccessManage:473 - Download File STMicroelectronics.FP-SNS-MOTENV1.pdsc
2026-01-26 12:29:51,429 [WARN] MainUpdater:1189 - Updater busy. Cannot search thirdparties
2026-01-26 12:29:51,429 [INFO] ThirdPartyUpdaterWithRetryManager:96 - Updater plugin is busy. [6/15]
2026-01-26 12:29:53,970 [INFO] ServerAccessManage:473 - Download File STMicroelectronics.FP-SNS-MOTENVWB1.pdsc
2026-01-26 12:29:54,430 [WARN] MainUpdater:1189 - Updater busy. Cannot search thirdparties
2026-01-26 12:29:54,430 [INFO] ThirdPartyUpdaterWithRetryManager:96 - Updater plugin is busy. [7/15]
2026-01-26 12:29:57,433 [WARN] MainUpdater:1189 - Updater busy. Cannot search thirdparties
2026-01-26 12:29:57,433 [INFO] ThirdPartyUpdaterWithRetryManager:96 - Updater plugin is busy. [8/15]
2026-01-26 12:29:59,056 [INFO] ServerAccessManage:473 - Download File STMicroelectronics.FP-SNS-SMARTAG2.pdsc
2026-01-26 12:30:00,389 [INFO] ServerAccessManage:473 - Download File STMicroelectronics.FP-SNS-STAIOTCFT.pdsc
2026-01-26 12:30:00,434 [WARN] MainUpdater:1189 - Updater busy. Cannot search thirdparties
2026-01-26 12:30:00,434 [INFO] ThirdPartyUpdaterWithRetryManager:96 - Updater plugin is busy. [9/15]
2026-01-26 12:30:01,490 [INFO] ServerAccessManage:473 - Download File STMicroelectronics.X-CUBE-AI.pdsc
2026-01-26 12:30:03,202 [ERROR] LogOutputStream:75 - [STDERR_REDIRECT] SLF4J: Failed to load class "org.slf4j.impl.StaticLoggerBinder".
2026-01-26 12:30:03,204 [ERROR] LogOutputStream:75 - [STDERR_REDIRECT] SLF4J: Defaulting to no-operation (NOP) logger implementation
2026-01-26 12:30:03,206 [ERROR] LogOutputStream:75 - [STDERR_REDIRECT] SLF4J: See http://www.slf4j.org/codes.html#StaticLoggerBinder for further details.
2026-01-26 12:30:03,436 [WARN] MainUpdater:1189 - Updater busy. Cannot search thirdparties
2026-01-26 12:30:03,436 [INFO] ThirdPartyUpdaterWithRetryManager:96 - Updater plugin is busy. [10/15]
2026-01-26 12:30:06,439 [WARN] MainUpdater:1189 - Updater busy. Cannot search thirdparties
2026-01-26 12:30:06,439 [INFO] ThirdPartyUpdaterWithRetryManager:96 - Updater plugin is busy. [11/15]
2026-01-26 12:30:09,440 [WARN] MainUpdater:1189 - Updater busy. Cannot search thirdparties
2026-01-26 12:30:09,440 [INFO] ThirdPartyUpdaterWithRetryManager:96 - Updater plugin is busy. [12/15]
2026-01-26 12:30:11,815 [INFO] ServerAccessManage:473 - Download File STMicroelectronics.X-CUBE-ALS.pdsc
2026-01-26 12:30:12,440 [WARN] MainUpdater:1189 - Updater busy. Cannot search thirdparties
2026-01-26 12:30:12,440 [INFO] ThirdPartyUpdaterWithRetryManager:96 - Updater plugin is busy. [13/15]
2026-01-26 12:30:14,520 [INFO] ServerAccessManage:473 - Download File STMicroelectronics.X-CUBE-BLE1.pdsc
2026-01-26 12:30:15,443 [WARN] MainUpdater:1189 - Updater busy. Cannot search thirdparties
2026-01-26 12:30:15,443 [INFO] ThirdPartyUpdaterWithRetryManager:96 - Updater plugin is busy. [14/15]
2026-01-26 12:30:18,444 [WARN] MainUpdater:1189 - Updater busy. Cannot search thirdparties
2026-01-26 12:30:18,444 [INFO] ThirdPartyUpdaterWithRetryManager:96 - Updater plugin is busy. [15/15]
2026-01-26 12:30:18,444 [ERROR] IntegrityCheckThread:130 - Cannot retrieve database content from updater: error -1
2026-01-26 12:30:18,445 [INFO] ThirdParty:978 - Integrity check success = false
2026-01-26 12:30:18,445 [INFO] IntegrityCheckThread:100 - exiting critical section [integrity check]
2026-01-26 12:30:18,445 [INFO] IntegrityCheckThread:103 - End integrity checks thread
2026-01-26 12:30:20,968 [ERROR] ServerAccessManage:1089 - Problem, file not found on Server
2026-01-26 12:30:21,140 [INFO] ServerAccessManage:473 - Download File STMicroelectronics.X-CUBE-BLE2.pdsc
2026-01-26 12:30:24,040 [INFO] ServerAccessManage:473 - Download File STMicroelectronics.X-CUBE-BLEMGR.pdsc
2026-01-26 12:30:25,880 [ERROR] ServerAccessManage:1089 - Problem, file not found on Server
2026-01-26 12:30:30,429 [INFO] ServerAccessManage:473 - Download File STMicroelectronics.X-CUBE-DISPLAY.pdsc
2026-01-26 12:30:32,801 [INFO] ServerAccessManage:473 - Download File STMicroelectronics.X-CUBE-DPOWER.pdsc
2026-01-26 12:30:33,765 [ERROR] ServerAccessManage:1089 - Problem, file not found on Server
2026-01-26 12:30:34,154 [ERROR] ServerAccessManage:1089 - Problem, file not found on Server
2026-01-26 12:30:34,789 [ERROR] ServerAccessManage:1089 - Problem, file not found on Server
2026-01-26 12:30:35,142 [ERROR] ServerAccessManage:1089 - Problem, file not found on Server
2026-01-26 12:30:35,584 [ERROR] ServerAccessManage:1089 - Problem, file not found on Server
2026-01-26 12:30:35,936 [ERROR] ServerAccessManage:1089 - Problem, file not found on Server
2026-01-26 12:30:36,532 [ERROR] ServerAccessManage:1089 - Problem, file not found on Server
2026-01-26 12:30:37,043 [ERROR] ServerAccessManage:1089 - Problem, file not found on Server
2026-01-26 12:30:37,244 [ERROR] ServerAccessManage:1089 - Problem, file not found on Server
2026-01-26 12:30:37,644 [ERROR] ServerAccessManage:1089 - Problem, file not found on Server
2026-01-26 12:30:37,949 [ERROR] ServerAccessManage:1089 - Problem, file not found on Server
2026-01-26 12:30:38,277 [INFO] ServerAccessManage:473 - Download File STMicroelectronics.X-CUBE-EEPRMA1.pdsc
2026-01-26 12:30:39,556 [ERROR] ServerAccessManage:1089 - Problem, file not found on Server
2026-01-26 12:30:40,619 [ERROR] ServerAccessManage:1089 - Problem, file not found on Server
2026-01-26 12:30:41,904 [INFO] ServerAccessManage:473 - Download File STMicroelectronics.X-CUBE-FREERTOS.pdsc
2026-01-26 12:30:45,144 [INFO] ServerAccessManage:473 - Download File STMicroelectronics.X-CUBE-GNSS1.pdsc
2026-01-26 12:30:51,521 [ERROR] ServerAccessManage:1089 - Problem, file not found on Server
2026-01-26 12:30:51,962 [ERROR] ServerAccessManage:1089 - Problem, file not found on Server
2026-01-26 12:30:52,449 [ERROR] ServerAccessManage:1089 - Problem, file not found on Server
2026-01-26 12:30:53,121 [ERROR] ServerAccessManage:1089 - Problem, file not found on Server
2026-01-26 12:30:53,723 [ERROR] ServerAccessManage:1089 - Problem, file not found on Server
2026-01-26 12:30:54,042 [ERROR] ServerAccessManage:1089 - Problem, file not found on Server
2026-01-26 12:30:54,454 [INFO] ServerAccessManage:473 - Download File STMicroelectronics.X-CUBE-ISPU.pdsc
2026-01-26 12:30:56,123 [INFO] ServerAccessManage:473 - Download File STMicroelectronics.X-CUBE-IPS.pdsc
2026-01-26 12:30:58,347 [INFO] ServerAccessManage:473 - Download File STMicroelectronics.X-CUBE-MEMS1.pdsc
2026-01-26 12:31:11,578 [INFO] ServerAccessManage:473 - Download File STMicroelectronics.X-CUBE-NFC4.pdsc
2026-01-26 12:31:17,402 [INFO] ServerAccessManage:473 - Download File STMicroelectronics.X-CUBE-NFC6.pdsc
2026-01-26 12:31:17,903 [INFO] ServerAccessManage:473 - Download File STMicroelectronics.X-CUBE-NFC7.pdsc
2026-01-26 12:31:19,487 [INFO] ServerAccessManage:473 - Download File STMicroelectronics.X-CUBE-NFC9.pdsc
2026-01-26 12:31:20,628 [INFO] ServerAccessManage:473 - Download File STMicroelectronics.X-CUBE-NFC10.pdsc
2026-01-26 12:31:21,180 [INFO] ServerAccessManage:473 - Download File STMicroelectronics.X-CUBE-NFC12.pdsc
2026-01-26 12:31:22,009 [INFO] ServerAccessManage:473 - Download File STMicroelectronics.X-CUBE-SFXS2LP1.pdsc
2026-01-26 12:31:24,122 [INFO] ServerAccessManage:473 - Download File STMicroelectronics.X-CUBE-SUBG2.pdsc
2026-01-26 12:31:28,992 [INFO] ServerAccessManage:473 - Download File STMicroelectronics.X-CUBE-SMBUS.pdsc
2026-01-26 12:31:29,835 [ERROR] ServerAccessManage:1089 - Problem, file not found on Server
2026-01-26 12:31:30,199 [INFO] ServerAccessManage:473 - Download File STMicroelectronics.X-CUBE-ST60.pdsc
2026-01-26 12:31:31,384 [INFO] ServerAccessManage:473 - Download File STMicroelectronics.X-CUBE-ST67W61.pdsc
2026-01-26 12:31:31,524 [INFO] ServerAccessManage:473 - Download File STMicroelectronics.X-CUBE-STSE01.pdsc
2026-01-26 12:31:32,146 [INFO] ServerAccessManage:473 - Download File STMicroelectronics.X-CUBE-PM33A1.pdsc
2026-01-26 12:31:33,160 [INFO] ServerAccessManage:473 - Download File STMicroelectronics.X-CUBE-TCPP.pdsc
2026-01-26 12:31:34,757 [INFO] ServerAccessManage:473 - Download File STMicroelectronics.X-CUBE-TOF1.pdsc
2026-01-26 12:31:40,739 [ERROR] ServerAccessManage:1089 - Problem, file not found on Server
2026-01-26 12:31:41,866 [INFO] ServerAccessManage:473 - Download File STMicroelectronics.X-CUBE-TOUCHGFX.pdsc
2026-01-26 12:31:54,889 [INFO] ServerAccessManage:473 - Download File STMicroelectronics.X-CUBE-ALGOBUILD.pdsc
2026-01-26 12:31:58,160 [INFO] ServerAccessManage:473 - Download File STMicroelectronics.X-CUBE-AZRTOS-H7.pdsc
2026-01-26 12:32:02,412 [INFO] ServerAccessManage:473 - Download File STMicroelectronics.X-CUBE-AZRTOS-H7RS.pdsc
2026-01-26 12:32:04,507 [INFO] ServerAccessManage:473 - Download File STMicroelectronics.X-CUBE-AZRTOS-F4.pdsc
2026-01-26 12:32:06,044 [INFO] ServerAccessManage:473 - Download File STMicroelectronics.X-CUBE-AZRTOS-F7.pdsc
2026-01-26 12:32:07,931 [INFO] ServerAccessManage:473 - Download File STMicroelectronics.X-CUBE-AZRTOS-L4.pdsc
2026-01-26 12:32:09,422 [INFO] ServerAccessManage:473 - Download File STMicroelectronics.X-CUBE-AZRTOS-L5.pdsc
2026-01-26 12:32:11,359 [INFO] ServerAccessManage:473 - Download File STMicroelectronics.X-CUBE-AZRTOS-G0.pdsc
2026-01-26 12:32:13,031 [INFO] ServerAccessManage:473 - Download File STMicroelectronics.X-CUBE-AZRTOS-G4.pdsc
2026-01-26 12:32:14,438 [INFO] ServerAccessManage:473 - Download File STMicroelectronics.X-CUBE-AZRTOS-WB.pdsc
2026-01-26 12:32:16,288 [INFO] ServerAccessManage:473 - Download File STMicroelectronics.X-CUBE-AZRTOS-WL.pdsc
2026-01-26 12:32:17,677 [INFO] ServerAccessManage:473 - Download File STMicroelectronics.X-CUBE-WB05N.pdsc
2026-01-26 12:32:18,423 [INFO] ServerAccessManage:473 - Download File wolfSSL.I-CUBE-wolfSSL.pdsc
2026-01-26 12:32:20,331 [ERROR] ServerAccessManage:1089 - Problem, file not found on Server
2026-01-26 12:32:20,439 [ERROR] ServerAccessManage:1089 - Problem, file not found on Server
2026-01-26 12:32:20,551 [ERROR] ServerAccessManage:1089 - Problem, file not found on Server
2026-01-26 12:32:20,597 [INFO] ServerAccessManage:473 - Download File wolfSSL.I-CUBE-wolfMQTT.pdsc
2026-01-26 12:32:21,046 [ERROR] ServerAccessManage:1089 - Problem, file not found on Server
2026-01-26 12:32:21,092 [INFO] ServerAccessManage:473 - Download File wolfSSL.I-CUBE-wolfTPM.pdsc
2026-01-26 12:32:21,567 [INFO] ServerAccessManage:473 - Download File wolfSSL.I-CUBE-wolfSSH.pdsc
2026-01-26 12:32:22,714 [INFO] ServerAccessManage:473 - Download File RealThread.X-CUBE-RT-Thread_Nano.pdsc
2026-01-26 12:32:23,466 [INFO] ServerAccessManage:473 - Download File SEGGER.I-CUBE-embOS.pdsc
2026-01-26 12:32:25,442 [INFO] ServerAccessManage:473 - Download File emotas.I-CUBE-CANOPEN.pdsc
2026-01-26 12:32:26,310 [INFO] ServerAccessManage:473 - Download File WES.I-CUBE-Cesium.pdsc
2026-01-26 12:32:26,646 [ERROR] ServerAccessManage:1089 - Problem, file not found on Server
2026-01-26 12:32:26,811 [ERROR] ServerAccessManage:1089 - Problem, file not found on Server
2026-01-26 12:32:27,218 [INFO] ServerAccessManage:473 - Download File ITTIA_DB.I-CUBE-ITTIADB.pdsc
2026-01-26 12:32:28,700 [INFO] ServerAccessManage:473 - Download File Infineon.AIROC-Wi-Fi-Bluetooth-STM32.pdsc
2026-01-26 12:32:32,167 [INFO] ServerAccessManage:473 - Download File Cesanta.I-CUBE-Mongoose.pdsc
2026-01-26 12:32:34,808 [INFO] ServerAccessManage:473 - Download File EmbeddedOffice.I-CUBE-FS-RTOS.pdsc
2026-01-26 12:32:35,521 [INFO] ServerAccessManage:473 - Download File quantropi.X-CUBE-qispace-sdk-base.pdsc
2026-01-26 12:32:35,914 [INFO] ServerAccessManage:473 - Download File Avnet-IOTCONNECT.X-CUBE-iotc-st67-sdk.pdsc
2026-01-26 12:32:36,173 [WARN] CheckServerUpdateThread:151 - Open CheckUpdateFile Fail
2026-01-26 12:32:36,303 [WARN] PackLoader:240 - Cannot read IP mode file for STMicroelectronics.FP-ATR-ASTRA1.2.0.2
2026-01-26 12:32:36,315 [WARN] PackLoader:240 - Cannot read IP mode file for STMicroelectronics.FP-ATR-SIGFOX1.3.2.0
2026-01-26 12:32:36,325 [WARN] PopulateThirdPartyThread:106 - Error when creating pack: C:/Users/hamid/.stm32cubemx/thirdparties/pdsc/STMicroelectronics.FP-SNS-STBOX1.pdsc
2026-01-26 12:32:36,328 [WARN] PopulateThirdPartyThread:106 - Error when creating pack: C:/Users/hamid/.stm32cubemx/thirdparties/pdsc/STMicroelectronics.FP-SNS-FLIGHT1.pdsc
2026-01-26 12:32:36,330 [WARN] PopulateThirdPartyThread:106 - Error when creating pack: C:/Users/hamid/.stm32cubemx/thirdparties/pdsc/STMicroelectronics.FP-SNS-MOTENV1.pdsc
2026-01-26 12:32:36,335 [WARN] PackLoader:240 - Cannot read IP mode file for STMicroelectronics.FP-SNS-MOTENVWB1.1.4.0
2026-01-26 12:32:36,341 [INFO] CheckServerUpdateThread:120 - End of CheckServer Thread
2026-01-26 12:32:36,348 [WARN] PackLoader:240 - Cannot read IP mode file for STMicroelectronics.FP-SNS-SMARTAG2.1.2.0
2026-01-26 12:32:36,354 [WARN] PopulateThirdPartyThread:106 - Error when creating pack: C:/Users/hamid/.stm32cubemx/thirdparties/pdsc/STMicroelectronics.FP-SNS-STAIOTCFT.pdsc
2026-01-26 12:32:36,362 [WARN] PackLoader:240 - Cannot read IP mode file for STMicroelectronics.X-CUBE-AI.10.2.0
2026-01-26 12:32:36,371 [WARN] PackLoader:240 - Cannot read IP mode file for STMicroelectronics.X-CUBE-ALS.1.0.2
2026-01-26 12:32:36,384 [WARN] PackLoader:240 - Cannot read IP mode file for STMicroelectronics.X-CUBE-BLE1.7.1.0
2026-01-26 12:32:36,390 [WARN] PackLoader:240 - Cannot read IP mode file for STMicroelectronics.X-CUBE-BLE2.3.3.0
2026-01-26 12:32:36,394 [WARN] PopulateThirdPartyThread:106 - Error when creating pack: C:/Users/hamid/.stm32cubemx/thirdparties/pdsc/STMicroelectronics.X-CUBE-BLEMGR.pdsc
2026-01-26 12:32:36,420 [WARN] PackLoader:240 - Cannot read IP mode file for STMicroelectronics.X-CUBE-DISPLAY.3.0.0
2026-01-26 12:32:36,431 [WARN] PopulateThirdPartyThread:106 - Error when creating pack: C:/Users/hamid/.stm32cubemx/thirdparties/pdsc/STMicroelectronics.X-CUBE-DPOWER.pdsc
2026-01-26 12:32:36,441 [WARN] PackLoader:240 - Cannot read IP mode file for STMicroelectronics.X-CUBE-EEPRMA1.5.2.0
2026-01-26 12:32:36,445 [WARN] PopulateThirdPartyThread:106 - Error when creating pack: C:/Users/hamid/.stm32cubemx/thirdparties/pdsc/STMicroelectronics.X-CUBE-FREERTOS.pdsc
2026-01-26 12:32:36,452 [WARN] PackLoader:240 - Cannot read IP mode file for STMicroelectronics.X-CUBE-GNSS1.7.1.0
2026-01-26 12:32:36,459 [WARN] PackLoader:240 - Cannot read IP mode file for STMicroelectronics.X-CUBE-ISPU.2.1.0
2026-01-26 12:32:36,465 [WARN] PopulateThirdPartyThread:106 - Error when creating pack: C:/Users/hamid/.stm32cubemx/thirdparties/pdsc/STMicroelectronics.X-CUBE-IPS.pdsc
2026-01-26 12:32:36,525 [WARN] PackLoader:240 - Cannot read IP mode file for STMicroelectronics.X-CUBE-MEMS1.12.0.0
2026-01-26 12:32:36,623 [WARN] PackLoader:240 - Cannot read IP mode file for STMicroelectronics.X-CUBE-NFC4.3.0.0
2026-01-26 12:32:36,630 [WARN] PackLoader:240 - Cannot read IP mode file for STMicroelectronics.X-CUBE-NFC6.3.2.0
2026-01-26 12:32:36,638 [WARN] PackLoader:240 - Cannot read IP mode file for STMicroelectronics.X-CUBE-NFC7.2.0.0
2026-01-26 12:32:36,645 [WARN] PackLoader:240 - Cannot read IP mode file for STMicroelectronics.X-CUBE-NFC9.1.0.0
2026-01-26 12:32:36,653 [WARN] PackLoader:240 - Cannot read IP mode file for STMicroelectronics.X-CUBE-NFC10.1.0.0
2026-01-26 12:32:36,661 [WARN] PackLoader:240 - Cannot read IP mode file for STMicroelectronics.X-CUBE-NFC12.1.0.0
2026-01-26 12:32:36,671 [WARN] PackLoader:240 - Cannot read IP mode file for STMicroelectronics.X-CUBE-SFXS2LP1.4.0.0
2026-01-26 12:32:36,684 [WARN] PackLoader:240 - Cannot read IP mode file for STMicroelectronics.X-CUBE-SUBG2.5.0.0
2026-01-26 12:32:36,694 [WARN] PackLoader:240 - Cannot read IP mode file for STMicroelectronics.X-CUBE-SMBUS.2.1.0
2026-01-26 12:32:36,697 [WARN] PopulateThirdPartyThread:106 - Error when creating pack: C:/Users/hamid/.stm32cubemx/thirdparties/pdsc/STMicroelectronics.X-CUBE-ST60.pdsc
2026-01-26 12:32:36,700 [WARN] PopulateThirdPartyThread:106 - Error when creating pack: C:/Users/hamid/.stm32cubemx/thirdparties/pdsc/STMicroelectronics.X-CUBE-ST67W61.pdsc
2026-01-26 12:32:36,707 [WARN] PackLoader:240 - Cannot read IP mode file for STMicroelectronics.X-CUBE-STSE01.2.0.0
2026-01-26 12:32:36,714 [WARN] PackLoader:240 - Cannot read IP mode file for STMicroelectronics.X-CUBE-PM33A1.1.0.0
2026-01-26 12:32:36,719 [WARN] PopulateThirdPartyThread:106 - Error when creating pack: C:/Users/hamid/.stm32cubemx/thirdparties/pdsc/STMicroelectronics.X-CUBE-TCPP.pdsc
2026-01-26 12:32:36,723 [WARN] PopulateThirdPartyThread:106 - Error when creating pack: C:/Users/hamid/.stm32cubemx/thirdparties/pdsc/STMicroelectronics.X-CUBE-TOF1.pdsc
2026-01-26 12:32:36,729 [WARN] PackLoader:240 - Cannot read IP mode file for STMicroelectronics.X-CUBE-TOUCHGFX.4.26.0
2026-01-26 12:32:36,736 [WARN] PackLoader:240 - Cannot read IP mode file for STMicroelectronics.X-CUBE-ALGOBUILD.1.4.0
2026-01-26 12:32:36,759 [WARN] PackLoader:240 - Cannot read IP mode file for STMicroelectronics.X-CUBE-AZRTOS-H7.3.4.0
2026-01-26 12:32:36,781 [WARN] PackLoader:240 - Cannot read IP mode file for STMicroelectronics.X-CUBE-AZRTOS-H7RS.1.2.0
2026-01-26 12:32:36,799 [WARN] PackLoader:240 - Cannot read IP mode file for STMicroelectronics.X-CUBE-AZRTOS-F4.1.1.0
2026-01-26 12:32:36,820 [WARN] PackLoader:240 - Cannot read IP mode file for STMicroelectronics.X-CUBE-AZRTOS-F7.1.1.0
2026-01-26 12:32:36,838 [WARN] ConditionMgr:438 - getConditionDescription Invalid condition id : LAN8742 Phy interface Condition cause : null
2026-01-26 12:32:36,838 [WARN] PackLoader:240 - Cannot read IP mode file for STMicroelectronics.X-CUBE-AZRTOS-L4.2.0.0
2026-01-26 12:32:36,839 [WARN] ConditionMgr:1039 - genDependencies : Invalid condition id : LAN8742 Phy interface Condition cause : null
2026-01-26 12:32:36,840 [WARN] ConditionMgr:1039 - genDependencies : Invalid condition id : LAN8742 Phy interface Condition cause : null
2026-01-26 12:32:36,840 [WARN] ConditionMgr:1039 - genDependencies : Invalid condition id : LAN8742 Phy interface Condition cause : null
2026-01-26 12:32:36,855 [WARN] PackLoader:240 - Cannot read IP mode file for STMicroelectronics.X-CUBE-AZRTOS-L5.2.0.0
2026-01-26 12:32:36,870 [WARN] PackLoader:240 - Cannot read IP mode file for STMicroelectronics.X-CUBE-AZRTOS-G0.1.1.0
2026-01-26 12:32:36,883 [WARN] PackLoader:240 - Cannot read IP mode file for STMicroelectronics.X-CUBE-AZRTOS-G4.2.0.0
2026-01-26 12:32:36,902 [WARN] ConditionMgr:438 - getConditionDescription Invalid condition id : UX DEVICE CLASS RTOS Condition cause : null
2026-01-26 12:32:36,902 [WARN] ConditionMgr:438 - getConditionDescription Invalid condition id : UX DEVICE CLASS RTOS Condition cause : null
2026-01-26 12:32:36,905 [WARN] PackLoader:240 - Cannot read IP mode file for STMicroelectronics.X-CUBE-AZRTOS-WB.2.0.0
2026-01-26 12:32:36,906 [WARN] ConditionMgr:1039 - genDependencies : Invalid condition id : UX DEVICE CLASS RTOS Condition cause : null
2026-01-26 12:32:36,906 [WARN] ConditionMgr:1039 - genDependencies : Invalid condition id : UX DEVICE CLASS RTOS Condition cause : null
2026-01-26 12:32:36,907 [WARN] ConditionMgr:1039 - genDependencies : Invalid condition id : UX DEVICE CLASS RTOS Condition cause : null
2026-01-26 12:32:36,907 [WARN] ConditionMgr:1039 - genDependencies : Invalid condition id : UX DEVICE CLASS RTOS Condition cause : null
2026-01-26 12:32:36,907 [WARN] ConditionMgr:1039 - genDependencies : Invalid condition id : UX DEVICE CLASS RTOS Condition cause : null
2026-01-26 12:32:36,920 [INFO] LogOutputStream:77 - [STDOUT_REDIRECT] 1 : Invalid condition id : UX_CORESTACK_Condition cause : null
2026-01-26 12:32:36,922 [INFO] LogOutputStream:77 - [STDOUT_REDIRECT] 1 : Invalid condition id : UX_CORESTACK_Condition cause : null
2026-01-26 12:32:36,925 [INFO] LogOutputStream:77 - [STDOUT_REDIRECT] 1 : Invalid condition id : UX_CORESTACK_Condition cause : null
2026-01-26 12:32:36,928 [INFO] LogOutputStream:77 - [STDOUT_REDIRECT] 1 : Invalid condition id : UX_CORESTACK_Condition cause : null
2026-01-26 12:32:36,931 [INFO] LogOutputStream:77 - [STDOUT_REDIRECT] 1 : Invalid condition id : UX_CORESTACK_Condition cause : null
2026-01-26 12:32:36,934 [WARN] PackLoader:240 - Cannot read IP mode file for STMicroelectronics.X-CUBE-AZRTOS-WL.2.0.0
2026-01-26 12:32:36,944 [WARN] PackLoader:240 - Cannot read IP mode file for STMicroelectronics.X-CUBE-WB05N.2.0.0
2026-01-26 12:32:36,952 [WARN] PackLoader:240 - Cannot read IP mode file for wolfSSL.I-CUBE-wolfSSL.5.8.4
2026-01-26 12:32:36,957 [WARN] PackLoader:240 - Cannot read IP mode file for wolfSSL.I-CUBE-wolfMQTT.1.19.2
2026-01-26 12:32:36,962 [WARN] PackLoader:240 - Cannot read IP mode file for wolfSSL.I-CUBE-wolfTPM.3.8.0
2026-01-26 12:32:36,968 [WARN] PackLoader:240 - Cannot read IP mode file for wolfSSL.I-CUBE-wolfSSH.1.4.20
2026-01-26 12:32:36,971 [WARN] PopulateThirdPartyThread:106 - Error when creating pack: C:/Users/hamid/.stm32cubemx/thirdparties/pdsc/RealThread.X-CUBE-RT-Thread_Nano.pdsc
2026-01-26 12:32:37,011 [WARN] PackLoader:240 - Cannot read IP mode file for SEGGER.I-CUBE-embOS.1.3.1
2026-01-26 12:32:37,076 [WARN] PackLoader:240 - Cannot read IP mode file for emotas.I-CUBE-CANOPEN.1.3.0
2026-01-26 12:32:37,089 [WARN] PopulateThirdPartyThread:106 - Error when creating pack: C:/Users/hamid/.stm32cubemx/thirdparties/pdsc/WES.I-CUBE-Cesium.pdsc
2026-01-26 12:32:37,099 [WARN] PackLoader:240 - Cannot read IP mode file for ITTIA_DB.I-CUBE-ITTIADB.8.9.0
2026-01-26 12:32:37,105 [WARN] PopulateThirdPartyThread:106 - Error when creating pack: C:/Users/hamid/.stm32cubemx/thirdparties/pdsc/Infineon.AIROC-Wi-Fi-Bluetooth-STM32.pdsc
2026-01-26 12:32:37,109 [WARN] PopulateThirdPartyThread:106 - Error when creating pack: C:/Users/hamid/.stm32cubemx/thirdparties/pdsc/Cesanta.I-CUBE-Mongoose.pdsc
2026-01-26 12:32:37,113 [WARN] PopulateThirdPartyThread:106 - Error when creating pack: C:/Users/hamid/.stm32cubemx/thirdparties/pdsc/EmbeddedOffice.I-CUBE-FS-RTOS.pdsc
2026-01-26 12:32:37,118 [WARN] PopulateThirdPartyThread:106 - Error when creating pack: C:/Users/hamid/.stm32cubemx/thirdparties/pdsc/quantropi.X-CUBE-qispace-sdk-base.pdsc
2026-01-26 12:32:37,121 [WARN] PopulateThirdPartyThread:106 - Error when creating pack: C:/Users/hamid/.stm32cubemx/thirdparties/pdsc/Avnet-IOTCONNECT.X-CUBE-iotc-st67-sdk.pdsc
2026-01-26 12:32:37,121 [INFO] PopulateThirdPartyThread:66 - Ending populate Thread
2026-01-26 12:32:37,128 [INFO] ThirdParty:1030 - CMSIS Pack Vendor :wolfSSL I-CUBE-wolfTPM 3.8.0
2026-01-26 12:32:37,128 [INFO] ThirdParty:1030 - CMSIS Pack Vendor :STMicroelectronics X-CUBE-PM33A1 1.0.0
2026-01-26 12:32:37,128 [INFO] ThirdParty:1030 - CMSIS Pack Vendor :STMicroelectronics X-CUBE-AZRTOS-H7 3.4.0
2026-01-26 12:32:37,128 [INFO] ThirdParty:1030 - CMSIS Pack Vendor :STMicroelectronics X-CUBE-DISPLAY 3.0.0
2026-01-26 12:32:37,128 [INFO] ThirdParty:1030 - CMSIS Pack Vendor :STMicroelectronics X-CUBE-NFC9 1.0.0
2026-01-26 12:32:37,128 [INFO] ThirdParty:1030 - CMSIS Pack Vendor :wolfSSL I-CUBE-wolfSSH 1.4.20
2026-01-26 12:32:37,128 [INFO] ThirdParty:1030 - CMSIS Pack Vendor :STMicroelectronics X-CUBE-NFC7 2.0.0
2026-01-26 12:32:37,128 [INFO] ThirdParty:1030 - CMSIS Pack Vendor :STMicroelectronics FP-SNS-MOTENVWB1 1.4.0
2026-01-26 12:32:37,128 [INFO] ThirdParty:1030 - CMSIS Pack Vendor :STMicroelectronics X-CUBE-AZRTOS-F4 1.1.0
2026-01-26 12:32:37,128 [INFO] ThirdParty:1030 - CMSIS Pack Vendor :STMicroelectronics FP-ATR-ASTRA1 2.0.2
2026-01-26 12:32:37,128 [INFO] ThirdParty:1030 - CMSIS Pack Vendor :STMicroelectronics FP-ATR-SIGFOX1 3.2.0
2026-01-26 12:32:37,128 [INFO] ThirdParty:1030 - CMSIS Pack Vendor :STMicroelectronics X-CUBE-BLE1 7.1.0
2026-01-26 12:32:37,128 [INFO] ThirdParty:1030 - CMSIS Pack Vendor :STMicroelectronics X-CUBE-NFC10 1.0.0
2026-01-26 12:32:37,128 [INFO] ThirdParty:1030 - CMSIS Pack Vendor :STMicroelectronics X-CUBE-SMBUS 2.1.0
2026-01-26 12:32:37,128 [INFO] ThirdParty:1030 - CMSIS Pack Vendor :wolfSSL I-CUBE-wolfMQTT 1.19.2
2026-01-26 12:32:37,128 [INFO] ThirdParty:1030 - CMSIS Pack Vendor :STMicroelectronics X-CUBE-ISPU 2.1.0
2026-01-26 12:32:37,128 [INFO] ThirdParty:1030 - CMSIS Pack Vendor :STMicroelectronics X-CUBE-EEPRMA1 5.2.0
2026-01-26 12:32:37,128 [INFO] ThirdParty:1030 - CMSIS Pack Vendor :STMicroelectronics X-CUBE-ALS 1.0.2
2026-01-26 12:32:37,128 [INFO] ThirdParty:1030 - CMSIS Pack Vendor :STMicroelectronics X-CUBE-AZRTOS-WB 2.0.0
2026-01-26 12:32:37,128 [INFO] ThirdParty:1030 - CMSIS Pack Vendor :emotas I-CUBE-CANOPEN 1.3.0
2026-01-26 12:32:37,128 [INFO] ThirdParty:1030 - CMSIS Pack Vendor :wolfSSL I-CUBE-wolfSSL 5.8.4
2026-01-26 12:32:37,128 [INFO] ThirdParty:1030 - CMSIS Pack Vendor :STMicroelectronics X-CUBE-GNSS1 7.1.0
2026-01-26 12:32:37,128 [INFO] ThirdParty:1030 - CMSIS Pack Vendor :ITTIA_DB I-CUBE-ITTIADB 8.9.0
2026-01-26 12:32:37,128 [INFO] ThirdParty:1030 - CMSIS Pack Vendor :STMicroelectronics X-CUBE-NFC12 1.0.0
2026-01-26 12:32:37,128 [INFO] ThirdParty:1030 - CMSIS Pack Vendor :STMicroelectronics X-CUBE-TOUCHGFX 4.26.0
2026-01-26 12:32:37,128 [INFO] ThirdParty:1030 - CMSIS Pack Vendor :STMicroelectronics X-CUBE-AZRTOS-F7 1.1.0
2026-01-26 12:32:37,128 [INFO] ThirdParty:1030 - CMSIS Pack Vendor :STMicroelectronics X-CUBE-AZRTOS-L5 2.0.0
2026-01-26 12:32:37,129 [INFO] ThirdParty:1030 - CMSIS Pack Vendor :STMicroelectronics X-CUBE-NFC6 3.2.0
2026-01-26 12:32:37,129 [INFO] ThirdParty:1030 - CMSIS Pack Vendor :STMicroelectronics X-CUBE-AI 10.2.0
2026-01-26 12:32:37,129 [INFO] ThirdParty:1030 - CMSIS Pack Vendor :STMicroelectronics FP-SNS-SMARTAG2 1.2.0
2026-01-26 12:32:37,129 [INFO] ThirdParty:1030 - CMSIS Pack Vendor :STMicroelectronics X-CUBE-MEMS1 12.0.0
2026-01-26 12:32:37,129 [INFO] ThirdParty:1030 - CMSIS Pack Vendor :STMicroelectronics X-CUBE-STSE01 2.0.0
2026-01-26 12:32:37,129 [INFO] ThirdParty:1030 - CMSIS Pack Vendor :STMicroelectronics X-CUBE-AZRTOS-WL 2.0.0
2026-01-26 12:32:37,129 [INFO] ThirdParty:1030 - CMSIS Pack Vendor :SEGGER I-CUBE-embOS 1.3.1
2026-01-26 12:32:37,129 [INFO] ThirdParty:1030 - CMSIS Pack Vendor :STMicroelectronics X-CUBE-ALGOBUILD 1.4.0
2026-01-26 12:32:37,129 [INFO] ThirdParty:1030 - CMSIS Pack Vendor :STMicroelectronics X-CUBE-AZRTOS-G0 1.1.0
2026-01-26 12:32:37,129 [INFO] ThirdParty:1030 - CMSIS Pack Vendor :STMicroelectronics X-CUBE-AZRTOS-H7RS 1.2.0
2026-01-26 12:32:37,129 [INFO] ThirdParty:1030 - CMSIS Pack Vendor :STMicroelectronics X-CUBE-NFC4 3.0.0
2026-01-26 12:32:37,129 [INFO] ThirdParty:1030 - CMSIS Pack Vendor :STMicroelectronics X-CUBE-SUBG2 5.0.0
2026-01-26 12:32:37,129 [INFO] ThirdParty:1030 - CMSIS Pack Vendor :STMicroelectronics X-CUBE-AZRTOS-L4 2.0.0
2026-01-26 12:32:37,129 [INFO] ThirdParty:1030 - CMSIS Pack Vendor :STMicroelectronics X-CUBE-SFXS2LP1 4.0.0
2026-01-26 12:32:37,129 [INFO] ThirdParty:1030 - CMSIS Pack Vendor :STMicroelectronics X-CUBE-BLE2 3.3.0
2026-01-26 12:32:37,129 [INFO] ThirdParty:1030 - CMSIS Pack Vendor :STMicroelectronics X-CUBE-AZRTOS-G4 2.0.0
2026-01-26 12:32:37,129 [INFO] ThirdParty:1030 - CMSIS Pack Vendor :STMicroelectronics X-CUBE-WB05N 2.0.0
2026-01-26 12:32:37,130 [INFO] LoadServerUpdatesThread:373 - End of LoadServerUpdate Thread
2026-01-26 12:49:11,269 [ERROR] LogOutputStream:75 - [STDERR_REDIRECT] 
